D:\Вчусь\GL\GL_BASE_CAMP\Наслідування\12\12\DEBUG\12.EXE.EMBED.MANIFEST
D:\Вчусь\GL\GL_BASE_CAMP\Наслідування\12\12\DEBUG\12.EXE.EMBED.MANIFEST.RES
D:\Вчусь\GL\GL_BASE_CAMP\Наслідування\12\12\DEBUG\12.EXE.INTERMEDIATE.MANIFEST
D:\Вчусь\GL\GL_BASE_CAMP\Наслідування\12\12\DEBUG\12.OBJ
D:\Вчусь\GL\GL_BASE_CAMP\Наслідування\12\12\DEBUG\12.PCH
D:\Вчусь\GL\GL_Base_Camp\Наслідування\12\12\Debug\12_manifest.rc
D:\Вчусь\GL\GL_Base_Camp\Наслідування\12\12\Debug\cl.command.1.tlog
D:\Вчусь\GL\GL_Base_Camp\Наслідування\12\12\Debug\CL.read.1.tlog
D:\Вчусь\GL\GL_Base_Camp\Наслідування\12\12\Debug\CL.write.1.tlog
D:\Вчусь\GL\GL_Base_Camp\Наслідування\12\12\Debug\link.112.read.1.tlog
D:\Вчусь\GL\GL_Base_Camp\Наслідування\12\12\Debug\link.112.write.1.tlog
D:\Вчусь\GL\GL_Base_Camp\Наслідування\12\12\Debug\link.112-cvtres.read.1.tlog
D:\Вчусь\GL\GL_Base_Camp\Наслідування\12\12\Debug\link.112-cvtres.write.1.tlog
D:\Вчусь\GL\GL_Base_Camp\Наслідування\12\12\Debug\link.1952.read.1.tlog
D:\Вчусь\GL\GL_Base_Camp\Наслідування\12\12\Debug\link.1952.write.1.tlog
D:\Вчусь\GL\GL_Base_Camp\Наслідування\12\12\Debug\link.1952-cvtres.read.1.tlog
D:\Вчусь\GL\GL_Base_Camp\Наслідування\12\12\Debug\link.1952-cvtres.write.1.tlog
D:\Вчусь\GL\GL_Base_Camp\Наслідування\12\12\Debug\link.440.read.1.tlog
D:\Вчусь\GL\GL_Base_Camp\Наслідування\12\12\Debug\link.440.write.1.tlog
D:\Вчусь\GL\GL_Base_Camp\Наслідування\12\12\Debug\link.440-cvtres.read.1.tlog
D:\Вчусь\GL\GL_Base_Camp\Наслідування\12\12\Debug\link.440-cvtres.write.1.tlog
D:\Вчусь\GL\GL_Base_Camp\Наслідування\12\12\Debug\link.command.1.tlog
D:\Вчусь\GL\GL_Base_Camp\Наслідування\12\12\Debug\link.read.1.tlog
D:\Вчусь\GL\GL_Base_Camp\Наслідування\12\12\Debug\link.write.1.tlog
D:\Вчусь\GL\GL_Base_Camp\Наслідування\12\12\Debug\link-cvtres.read.1.tlog
D:\Вчусь\GL\GL_Base_Camp\Наслідування\12\12\Debug\link-cvtres.write.1.tlog
D:\Вчусь\GL\GL_Base_Camp\Наслідування\12\12\Debug\mt.command.1.tlog
D:\Вчусь\GL\GL_Base_Camp\Наслідування\12\12\Debug\mt.read.1.tlog
D:\Вчусь\GL\GL_Base_Camp\Наслідування\12\12\Debug\mt.write.1.tlog
D:\Вчусь\GL\GL_Base_Camp\Наслідування\12\12\Debug\rc.command.1.tlog
D:\Вчусь\GL\GL_Base_Camp\Наслідування\12\12\Debug\rc.read.1.tlog
D:\Вчусь\GL\GL_Base_Camp\Наслідування\12\12\Debug\rc.write.1.tlog
D:\Вчусь\GL\GL_BASE_CAMP\Наслідування\12\12\DEBUG\STDAFX.OBJ
D:\Вчусь\GL\GL_Base_Camp\Наслідування\12\12\Debug\vc100.idb
D:\Вчусь\GL\GL_Base_Camp\Наслідування\12\12\Debug\vc100.pdb
D:\Вчусь\GL\GL_BASE_CAMP\Наслідування\12\DEBUG\12.EXE
D:\Вчусь\GL\GL_BASE_CAMP\Наслідування\12\DEBUG\12.ILK
D:\Вчусь\GL\GL_Base_Camp\Наслідування\12\Debug\12.pdb
D:\ВЧУСЬ\GL\GL_BASE_CAMP\НАСЛІДУВАННЯ\12\12\DEBUG\VC100.PDB
D:\ВЧУСЬ\GL\GL_BASE_CAMP\НАСЛІДУВАННЯ\12\DEBUG\12.PDB
