Build started 15.03.2012 12:22:08.
Project "D:\Вчусь\GL\GL_Base_Camp\task\Наслідування\12\12\12.vcxproj" on node 2 (build target(s)).
InitializeBuildStatus:
  Touching "Debug\12.unsuccessfulbuild".
ClCompile:
  All outputs are up-to-date.
  All outputs are up-to-date.
ManifestResourceCompile:
  All outputs are up-to-date.
Link:
  f:\VisualStudio\VC\bin\link.exe /ERRORREPORT:PROMPT /OUT:"D:\Вчусь\GL\GL_Base_Camp\task\Наслідування\12\Debug\12.exe" /INCREMENTAL /NOLOGO kernel32.lib user32.lib gdi32.lib winspool.lib comdlg32.lib advapi32.lib shell32.lib ole32.lib oleaut32.lib uuid.lib odbc32.lib odbccp32.lib /MANIFEST /ManifestFile:"Debug\12.exe.intermediate.manifest" /MANIFESTUAC:"level='asInvoker' uiAccess='false'" /DEBUG /PDB:"D:\Вчусь\GL\GL_Base_Camp\task\Наслідування\12\Debug\12.pdb" /SUBSYSTEM:CONSOLE /TLBID:1 /DYNAMICBASE /NXCOMPAT /IMPLIB:"D:\Вчусь\GL\GL_Base_Camp\task\Наслідування\12\Debug\12.lib" /MACHINE:X86 Debug\12.exe.embed.manifest.res
  Debug\12.obj
  Debug\stdafx.obj
Manifest:
  C:\Program Files\Microsoft SDKs\Windows\v7.0A\bin\mt.exe /nologo /verbose /out:"Debug\12.exe.embed.manifest" /manifest Debug\12.exe.intermediate.manifest
  All outputs are up-to-date.
LinkEmbedManifest:
  All outputs are up-to-date.
  12.vcxproj -> D:\Вчусь\GL\GL_Base_Camp\task\Наслідування\12\Debug\12.exe
FinalizeBuildStatus:
  Deleting file "Debug\12.unsuccessfulbuild".
  Touching "Debug\12.lastbuildstate".
Done Building Project "D:\Вчусь\GL\GL_Base_Camp\task\Наслідування\12\12\12.vcxproj" (build target(s)).

Build succeeded.

Time Elapsed 00:00:01.96
