D:\VIKA_VITA\GLOBAL\Задачки\4блок\26\26\DEBUG\26.EXE.EMBED.MANIFEST
D:\VIKA_VITA\GLOBAL\Задачки\4блок\26\26\DEBUG\26.EXE.EMBED.MANIFEST.RES
D:\VIKA_VITA\GLOBAL\Задачки\4блок\26\26\DEBUG\26.EXE.INTERMEDIATE.MANIFEST
D:\VIKA_VITA\GLOBAL\Задачки\4блок\26\26\DEBUG\26.OBJ
D:\VIKA_VITA\GLOBAL\Задачки\4блок\26\26\DEBUG\26.PCH
D:\vika_vita\Global\Задачки\4блок\26\26\Debug\26_manifest.rc
D:\vika_vita\Global\Задачки\4блок\26\26\Debug\cl.command.1.tlog
D:\vika_vita\Global\Задачки\4блок\26\26\Debug\CL.read.1.tlog
D:\vika_vita\Global\Задачки\4блок\26\26\Debug\CL.write.1.tlog
D:\vika_vita\Global\Задачки\4блок\26\26\Debug\link.824.read.1.tlog
D:\vika_vita\Global\Задачки\4блок\26\26\Debug\link.824.write.1.tlog
D:\vika_vita\Global\Задачки\4блок\26\26\Debug\link.824-cvtres.read.1.tlog
D:\vika_vita\Global\Задачки\4блок\26\26\Debug\link.824-cvtres.write.1.tlog
D:\vika_vita\Global\Задачки\4блок\26\26\Debug\link.command.1.tlog
D:\vika_vita\Global\Задачки\4блок\26\26\Debug\link.read.1.tlog
D:\vika_vita\Global\Задачки\4блок\26\26\Debug\link.write.1.tlog
D:\vika_vita\Global\Задачки\4блок\26\26\Debug\link-cvtres.read.1.tlog
D:\vika_vita\Global\Задачки\4блок\26\26\Debug\link-cvtres.write.1.tlog
D:\vika_vita\Global\Задачки\4блок\26\26\Debug\mt.command.1.tlog
D:\vika_vita\Global\Задачки\4блок\26\26\Debug\mt.read.1.tlog
D:\vika_vita\Global\Задачки\4блок\26\26\Debug\mt.write.1.tlog
D:\vika_vita\Global\Задачки\4блок\26\26\Debug\rc.command.1.tlog
D:\vika_vita\Global\Задачки\4блок\26\26\Debug\rc.read.1.tlog
D:\vika_vita\Global\Задачки\4блок\26\26\Debug\rc.write.1.tlog
D:\VIKA_VITA\GLOBAL\Задачки\4блок\26\26\DEBUG\STDAFX.OBJ
D:\vika_vita\Global\Задачки\4блок\26\26\Debug\vc100.idb
D:\VIKA_VITA\GLOBAL\ЗАДАЧКИ\4БЛОК\26\26\DEBUG\VC100.PDB
D:\VIKA_VITA\GLOBAL\Задачки\4блок\26\DEBUG\26.EXE
D:\VIKA_VITA\GLOBAL\Задачки\4блок\26\DEBUG\26.ILK
D:\VIKA_VITA\GLOBAL\ЗАДАЧКИ\4БЛОК\26\DEBUG\26.PDB
