Build started 15.03.2012 12:18:52.
Project "D:\vika_vita\Global\Задачки\4блок\26\26\26.vcxproj" on node 2 (rebuild target(s)).
_PrepareForClean:
  Deleting file "Debug\26.lastbuildstate".
InitializeBuildStatus:
  Creating "Debug\26.unsuccessfulbuild" because "AlwaysCreate" was specified.
ClCompile:
  C:\Program Files\Microsoft Visual Studio 10.0\VC\bin\CL.exe /c /ZI /nologo /W3 /WX- /Od /Oy- /D WIN32 /D _DEBUG /D _CONSOLE /D _UNICODE /D UNICODE /Gm /EHsc /RTC1 /MDd /GS /fp:precise /Zc:wchar_t /Zc:forScope /Yc"StdAfx.h" /Fp"Debug\26.pch" /Fo"Debug\\" /Fd"Debug\vc100.pdb" /Gd /TP /analyze- /errorReport:prompt stdafx.cpp
  stdafx.cpp
  C:\Program Files\Microsoft Visual Studio 10.0\VC\bin\CL.exe /c /ZI /nologo /W3 /WX- /Od /Oy- /D WIN32 /D _DEBUG /D _CONSOLE /D _UNICODE /D UNICODE /Gm /EHsc /RTC1 /MDd /GS /fp:precise /Zc:wchar_t /Zc:forScope /Yu"StdAfx.h" /Fp"Debug\26.pch" /Fo"Debug\\" /Fd"Debug\vc100.pdb" /Gd /TP /analyze- /errorReport:prompt 26.cpp
  26.cpp
d:\vika_vita\global\задачки\4блок\26\26\26.cpp(152): warning C4715: 'linklist::DeleteElem' : not all control paths return a value
d:\vika_vita\global\задачки\4блок\26\26\26.cpp(228): warning C4715: 'derlist::revprint' : not all control paths return a value
ManifestResourceCompile:
  C:\Program Files\Microsoft SDKs\Windows\v7.0A\bin\rc.exe /nologo /fo"Debug\26.exe.embed.manifest.res" Debug\26_manifest.rc 
Link:
  C:\Program Files\Microsoft Visual Studio 10.0\VC\bin\link.exe /ERRORREPORT:PROMPT /OUT:"D:\vika_vita\Global\Задачки\4блок\26\Debug\26.exe" /INCREMENTAL /NOLOGO kernel32.lib user32.lib gdi32.lib winspool.lib comdlg32.lib advapi32.lib shell32.lib ole32.lib oleaut32.lib uuid.lib odbc32.lib odbccp32.lib /MANIFEST /ManifestFile:"Debug\26.exe.intermediate.manifest" /MANIFESTUAC:"level='asInvoker' uiAccess='false'" /DEBUG /PDB:"D:\vika_vita\Global\Задачки\4блок\26\Debug\26.pdb" /SUBSYSTEM:CONSOLE /TLBID:1 /DYNAMICBASE /NXCOMPAT /IMPLIB:"D:\vika_vita\Global\Задачки\4блок\26\Debug\26.lib" /MACHINE:X86 Debug\26.exe.embed.manifest.res
  Debug\26.obj
  Debug\stdafx.obj
Manifest:
  Deleting file "Debug\26.exe.embed.manifest".
  C:\Program Files\Microsoft SDKs\Windows\v7.0A\bin\mt.exe /nologo /verbose /out:"Debug\26.exe.embed.manifest" /manifest Debug\26.exe.intermediate.manifest
  C:\Program Files\Microsoft SDKs\Windows\v7.0A\bin\rc.exe /nologo /fo"Debug\26.exe.embed.manifest.res" Debug\26_manifest.rc 
LinkEmbedManifest:
  C:\Program Files\Microsoft Visual Studio 10.0\VC\bin\link.exe /ERRORREPORT:PROMPT /OUT:"D:\vika_vita\Global\Задачки\4блок\26\Debug\26.exe" /INCREMENTAL /NOLOGO kernel32.lib user32.lib gdi32.lib winspool.lib comdlg32.lib advapi32.lib shell32.lib ole32.lib oleaut32.lib uuid.lib odbc32.lib odbccp32.lib /MANIFEST /ManifestFile:"Debug\26.exe.intermediate.manifest" /MANIFESTUAC:"level='asInvoker' uiAccess='false'" /DEBUG /PDB:"D:\vika_vita\Global\Задачки\4блок\26\Debug\26.pdb" /SUBSYSTEM:CONSOLE /TLBID:1 /DYNAMICBASE /NXCOMPAT /IMPLIB:"D:\vika_vita\Global\Задачки\4блок\26\Debug\26.lib" /MACHINE:X86 Debug\26.exe.embed.manifest.res
  Debug\26.obj
  Debug\stdafx.obj
  26.vcxproj -> D:\vika_vita\Global\Задачки\4блок\26\Debug\26.exe
FinalizeBuildStatus:
  Deleting file "Debug\26.unsuccessfulbuild".
  Touching "Debug\26.lastbuildstate".
Done Building Project "D:\vika_vita\Global\Задачки\4блок\26\26\26.vcxproj" (rebuild target(s)).

Build succeeded.

Time Elapsed 00:00:11.85
