Build started 10.03.2012 22:23:22.
Project "D:\vika_vita\Global\Задачки\4блок\9\9\9.vcxproj" on node 2 (build target(s)).
InitializeBuildStatus:
  Creating "Debug\9.unsuccessfulbuild" because "AlwaysCreate" was specified.
ClCompile:
  All outputs are up-to-date.
  C:\Program Files\Microsoft Visual Studio 10.0\VC\bin\CL.exe /c /ZI /nologo /W3 /WX- /Od /Oy- /D WIN32 /D _DEBUG /D _CONSOLE /D _UNICODE /D UNICODE /Gm /EHsc /RTC1 /MDd /GS /fp:precise /Zc:wchar_t /Zc:forScope /Yu"StdAfx.h" /Fp"Debug\9.pch" /Fo"Debug\\" /Fd"Debug\vc100.pdb" /Gd /TP /analyze- /errorReport:prompt 9.cpp
  9.cpp
ManifestResourceCompile:
  All outputs are up-to-date.
Link:
  C:\Program Files\Microsoft Visual Studio 10.0\VC\bin\link.exe /ERRORREPORT:PROMPT /OUT:"D:\vika_vita\Global\Задачки\4блок\9\Debug\9.exe" /INCREMENTAL /NOLOGO kernel32.lib user32.lib gdi32.lib winspool.lib comdlg32.lib advapi32.lib shell32.lib ole32.lib oleaut32.lib uuid.lib odbc32.lib odbccp32.lib /MANIFEST /ManifestFile:"Debug\9.exe.intermediate.manifest" /MANIFESTUAC:"level='asInvoker' uiAccess='false'" /DEBUG /PDB:"D:\vika_vita\Global\Задачки\4блок\9\Debug\9.pdb" /SUBSYSTEM:CONSOLE /TLBID:1 /DYNAMICBASE /NXCOMPAT /IMPLIB:"D:\vika_vita\Global\Задачки\4блок\9\Debug\9.lib" /MACHINE:X86 Debug\9.exe.embed.manifest.res
  Debug\9.obj
  Debug\stdafx.obj
Manifest:
  C:\Program Files\Microsoft SDKs\Windows\v7.0A\bin\mt.exe /nologo /verbose /out:"Debug\9.exe.embed.manifest" /manifest Debug\9.exe.intermediate.manifest
  All outputs are up-to-date.
LinkEmbedManifest:
  All outputs are up-to-date.
  9.vcxproj -> D:\vika_vita\Global\Задачки\4блок\9\Debug\9.exe
FinalizeBuildStatus:
  Deleting file "Debug\9.unsuccessfulbuild".
  Touching "Debug\9.lastbuildstate".
Done Building Project "D:\vika_vita\Global\Задачки\4блок\9\9\9.vcxproj" (build target(s)).

Build succeeded.

Time Elapsed 00:00:02.35
