D:\VIKA_VITA\GLOBAL\Задачки\4блок\7\7\DEBUG\7.EXE.EMBED.MANIFEST
D:\VIKA_VITA\GLOBAL\Задачки\4блок\7\7\DEBUG\7.EXE.EMBED.MANIFEST.RES
D:\VIKA_VITA\GLOBAL\Задачки\4блок\7\7\DEBUG\7.EXE.INTERMEDIATE.MANIFEST
D:\VIKA_VITA\GLOBAL\Задачки\4блок\7\7\DEBUG\7.OBJ
D:\VIKA_VITA\GLOBAL\Задачки\4блок\7\7\DEBUG\7.PCH
D:\vika_vita\Global\Задачки\4блок\7\7\Debug\7_manifest.rc
D:\vika_vita\Global\Задачки\4блок\7\7\Debug\cl.command.1.tlog
D:\vika_vita\Global\Задачки\4блок\7\7\Debug\CL.read.1.tlog
D:\vika_vita\Global\Задачки\4блок\7\7\Debug\CL.write.1.tlog
D:\vika_vita\Global\Задачки\4блок\7\7\Debug\link.1324.read.1.tlog
D:\vika_vita\Global\Задачки\4блок\7\7\Debug\link.1324.write.1.tlog
D:\vika_vita\Global\Задачки\4блок\7\7\Debug\link.1324-cvtres.read.1.tlog
D:\vika_vita\Global\Задачки\4блок\7\7\Debug\link.1324-cvtres.write.1.tlog
D:\vika_vita\Global\Задачки\4блок\7\7\Debug\link.1544.read.1.tlog
D:\vika_vita\Global\Задачки\4блок\7\7\Debug\link.1544.write.1.tlog
D:\vika_vita\Global\Задачки\4блок\7\7\Debug\link.1544-cvtres.read.1.tlog
D:\vika_vita\Global\Задачки\4блок\7\7\Debug\link.1544-cvtres.write.1.tlog
D:\vika_vita\Global\Задачки\4блок\7\7\Debug\link.3920.read.1.tlog
D:\vika_vita\Global\Задачки\4блок\7\7\Debug\link.3920.write.1.tlog
D:\vika_vita\Global\Задачки\4блок\7\7\Debug\link.3920-cvtres.read.1.tlog
D:\vika_vita\Global\Задачки\4блок\7\7\Debug\link.3920-cvtres.write.1.tlog
D:\vika_vita\Global\Задачки\4блок\7\7\Debug\link.544.read.1.tlog
D:\vika_vita\Global\Задачки\4блок\7\7\Debug\link.544.write.1.tlog
D:\vika_vita\Global\Задачки\4блок\7\7\Debug\link.544-cvtres.read.1.tlog
D:\vika_vita\Global\Задачки\4блок\7\7\Debug\link.544-cvtres.write.1.tlog
D:\vika_vita\Global\Задачки\4блок\7\7\Debug\link.command.1.tlog
D:\vika_vita\Global\Задачки\4блок\7\7\Debug\link.read.1.tlog
D:\vika_vita\Global\Задачки\4блок\7\7\Debug\link.write.1.tlog
D:\vika_vita\Global\Задачки\4блок\7\7\Debug\link-cvtres.read.1.tlog
D:\vika_vita\Global\Задачки\4блок\7\7\Debug\link-cvtres.write.1.tlog
D:\vika_vita\Global\Задачки\4блок\7\7\Debug\mt.command.1.tlog
D:\vika_vita\Global\Задачки\4блок\7\7\Debug\mt.read.1.tlog
D:\vika_vita\Global\Задачки\4блок\7\7\Debug\mt.write.1.tlog
D:\vika_vita\Global\Задачки\4блок\7\7\Debug\rc.command.1.tlog
D:\vika_vita\Global\Задачки\4блок\7\7\Debug\rc.read.1.tlog
D:\vika_vita\Global\Задачки\4блок\7\7\Debug\rc.write.1.tlog
D:\VIKA_VITA\GLOBAL\Задачки\4блок\7\7\DEBUG\STDAFX.OBJ
D:\vika_vita\Global\Задачки\4блок\7\7\Debug\vc100.idb
D:\VIKA_VITA\GLOBAL\ЗАДАЧКИ\4БЛОК\7\7\DEBUG\VC100.PDB
D:\VIKA_VITA\GLOBAL\Задачки\4блок\7\DEBUG\7.EXE
D:\VIKA_VITA\GLOBAL\Задачки\4блок\7\DEBUG\7.ILK
D:\VIKA_VITA\GLOBAL\ЗАДАЧКИ\4БЛОК\7\DEBUG\7.PDB
