Build started 15.03.2012 12:24:50.
Project "D:\vika_vita\Global\Задачки\4блок\7\7\7.vcxproj" on node 2 (rebuild target(s)).
_PrepareForClean:
  Deleting file "Debug\7.lastbuildstate".
InitializeBuildStatus:
  Creating "Debug\7.unsuccessfulbuild" because "AlwaysCreate" was specified.
ClCompile:
  C:\Program Files\Microsoft Visual Studio 10.0\VC\bin\CL.exe /c /ZI /nologo /W3 /WX- /Od /Oy- /D WIN32 /D _DEBUG /D _CONSOLE /D _UNICODE /D UNICODE /Gm /EHsc /RTC1 /MDd /GS /fp:precise /Zc:wchar_t /Zc:forScope /Yc"StdAfx.h" /Fp"Debug\7.pch" /Fo"Debug\\" /Fd"Debug\vc100.pdb" /Gd /TP /analyze- /errorReport:prompt stdafx.cpp
  stdafx.cpp
  C:\Program Files\Microsoft Visual Studio 10.0\VC\bin\CL.exe /c /ZI /nologo /W3 /WX- /Od /Oy- /D WIN32 /D _DEBUG /D _CONSOLE /D _UNICODE /D UNICODE /Gm /EHsc /RTC1 /MDd /GS /fp:precise /Zc:wchar_t /Zc:forScope /Yu"StdAfx.h" /Fp"Debug\7.pch" /Fo"Debug\\" /Fd"Debug\vc100.pdb" /Gd /TP /analyze- /errorReport:prompt 7.cpp
  7.cpp
d:\vika_vita\global\задачки\4блок\7\7\7.cpp(337): warning C4244: 'return' : conversion from 'double' to 'unsigned int', possible loss of data
d:\vika_vita\global\задачки\4блок\7\7\7.cpp(161): warning C4715: 'linklist::DeleteElem' : not all control paths return a value
d:\vika_vita\global\задачки\4блок\7\7\7.cpp(238): warning C4715: 'derlist::revprint' : not all control paths return a value
ManifestResourceCompile:
  C:\Program Files\Microsoft SDKs\Windows\v7.0A\bin\rc.exe /nologo /fo"Debug\7.exe.embed.manifest.res" Debug\7_manifest.rc 
Link:
  C:\Program Files\Microsoft Visual Studio 10.0\VC\bin\link.exe /ERRORREPORT:PROMPT /OUT:"D:\vika_vita\Global\Задачки\4блок\7\Debug\7.exe" /INCREMENTAL /NOLOGO kernel32.lib user32.lib gdi32.lib winspool.lib comdlg32.lib advapi32.lib shell32.lib ole32.lib oleaut32.lib uuid.lib odbc32.lib odbccp32.lib /MANIFEST /ManifestFile:"Debug\7.exe.intermediate.manifest" /MANIFESTUAC:"level='asInvoker' uiAccess='false'" /DEBUG /PDB:"D:\vika_vita\Global\Задачки\4блок\7\Debug\7.pdb" /SUBSYSTEM:CONSOLE /TLBID:1 /DYNAMICBASE /NXCOMPAT /IMPLIB:"D:\vika_vita\Global\Задачки\4блок\7\Debug\7.lib" /MACHINE:X86 Debug\7.exe.embed.manifest.res
  Debug\7.obj
  Debug\stdafx.obj
Manifest:
  Deleting file "Debug\7.exe.embed.manifest".
  C:\Program Files\Microsoft SDKs\Windows\v7.0A\bin\mt.exe /nologo /verbose /out:"Debug\7.exe.embed.manifest" /manifest Debug\7.exe.intermediate.manifest
  C:\Program Files\Microsoft SDKs\Windows\v7.0A\bin\rc.exe /nologo /fo"Debug\7.exe.embed.manifest.res" Debug\7_manifest.rc 
LinkEmbedManifest:
  C:\Program Files\Microsoft Visual Studio 10.0\VC\bin\link.exe /ERRORREPORT:PROMPT /OUT:"D:\vika_vita\Global\Задачки\4блок\7\Debug\7.exe" /INCREMENTAL /NOLOGO kernel32.lib user32.lib gdi32.lib winspool.lib comdlg32.lib advapi32.lib shell32.lib ole32.lib oleaut32.lib uuid.lib odbc32.lib odbccp32.lib /MANIFEST /ManifestFile:"Debug\7.exe.intermediate.manifest" /MANIFESTUAC:"level='asInvoker' uiAccess='false'" /DEBUG /PDB:"D:\vika_vita\Global\Задачки\4блок\7\Debug\7.pdb" /SUBSYSTEM:CONSOLE /TLBID:1 /DYNAMICBASE /NXCOMPAT /IMPLIB:"D:\vika_vita\Global\Задачки\4блок\7\Debug\7.lib" /MACHINE:X86 Debug\7.exe.embed.manifest.res
  Debug\7.obj
  Debug\stdafx.obj
  7.vcxproj -> D:\vika_vita\Global\Задачки\4блок\7\Debug\7.exe
FinalizeBuildStatus:
  Deleting file "Debug\7.unsuccessfulbuild".
  Touching "Debug\7.lastbuildstate".
Done Building Project "D:\vika_vita\Global\Задачки\4блок\7\7\7.vcxproj" (rebuild target(s)).

Build succeeded.

Time Elapsed 00:00:06.92
